<?xml version="1.0" encoding="UTF-8" ?>
<testsuite errors="0" failures="0" hostname="Alex-PC" name="com.alex.counter.TestCounterClientMessage" tests="2" time="0.191" timestamp="2012-10-29T17:43:34">
  <properties>
[...]
</properties>
  <testcase classname="com.alex.counter.TestCounterClientMessage" name="negTestCounterClientMessage" time="0.006" />
  <testcase classname="com.alex.counter.TestCounterClientMessage" name="testCounterClientMessage" time="0.001" />
  <system-out><![CDATA[]]></system-out>
  <system-err><![CDATA[]]></system-err>
</testsuite>
