<?xml version="1.0" encoding="UTF-8" ?>
<testsuite errors="0" failures="0" hostname="Alex-PC" name="com.alex.asyncexamples.server.TestAsyncCounerServer" tests="1" time="32.337" timestamp="2012-10-29T17:43:00">
  <properties>
[...]
</properties>
  <testcase classname="com.alex.asyncexamples.server.TestAsyncCounerServer" name="negTestServerJustOpenButNotAcception" time="30.084" />
  <system-out><![CDATA[0    [main] INFO  com.alex.asyncexamples.server.AsyncCounterServer  - Opening Aysnc ServerSocket channel at Alex-PC/192.168.1.3:9999
155  [pool-1-thread-3] INFO  com.alex.asyncexamples.server.TestAsyncCounerServer  - Sending message SENDER=ServerManager,REQUEST=PING to the server...
158  [pool-1-thread-5] INFO  com.alex.asyncexamples.server.TestAsyncCounerServer  - Sending message SENDER=ServerManager,REQUEST=PING to the server...
158  [pool-1-thread-7] INFO  com.alex.asyncexamples.server.TestAsyncCounerServer  - Sending message SENDER=ServerManager,REQUEST=PING to the server...
159  [pool-1-thread-2] INFO  com.alex.asyncexamples.server.TestAsyncCounerServer  - Sending message SENDER=ServerManager,REQUEST=PING to the server...
159  [pool-1-thread-9] INFO  com.alex.asyncexamples.server.TestAsyncCounerServer  - Sending message SENDER=ServerManager,REQUEST=PING to the server...
159  [pool-1-thread-4] INFO  com.alex.asyncexamples.server.TestAsyncCounerServer  - Sending message SENDER=ServerManager,REQUEST=PING to the server...
160  [pool-1-thread-11] INFO  com.alex.asyncexamples.server.TestAsyncCounerServer  - Sending message SENDER=ServerManager,REQUEST=PING to the server...
160  [pool-1-thread-6] INFO  com.alex.asyncexamples.server.TestAsyncCounerServer  - Sending message SENDER=ServerManager,REQUEST=PING to the server...
160  [pool-1-thread-13] INFO  com.alex.asyncexamples.server.TestAsyncCounerServer  - Sending message SENDER=ServerManager,REQUEST=PING to the server...
161  [pool-1-thread-8] INFO  com.alex.asyncexamples.server.TestAsyncCounerServer  - Sending message SENDER=ServerManager,REQUEST=PING to the server...
161  [pool-1-thread-17] INFO  com.alex.asyncexamples.server.TestAsyncCounerServer  - Sending message SENDER=ServerManager,REQUEST=PING to the server...
162  [pool-1-thread-19] INFO  com.alex.asyncexamples.server.TestAsyncCounerServer  - Sending message SENDER=ServerManager,REQUEST=PING to the server...
162  [pool-1-thread-12] INFO  com.alex.asyncexamples.server.TestAsyncCounerServer  - Sending message SENDER=ServerManager,REQUEST=PING to the server...
162  [pool-1-thread-14] INFO  com.alex.asyncexamples.server.TestAsyncCounerServer  - Sending message SENDER=ServerManager,REQUEST=PING to the server...
163  [pool-1-thread-23] INFO  com.alex.asyncexamples.server.TestAsyncCounerServer  - Sending message SENDER=ServerManager,REQUEST=PING to the server...
163  [pool-1-thread-1] INFO  com.alex.asyncexamples.server.TestAsyncCounerServer  - Sending message SENDER=ServerManager,REQUEST=PING to the server...
163  [pool-1-thread-18] INFO  com.alex.asyncexamples.server.TestAsyncCounerServer  - Sending message SENDER=ServerManager,REQUEST=PING to the server...
164  [pool-1-thread-20] INFO  com.alex.asyncexamples.server.TestAsyncCounerServer  - Sending message SENDER=ServerManager,REQUEST=PING to the server...
164  [pool-1-thread-27] INFO  com.alex.asyncexamples.server.TestAsyncCounerServer  - Sending message SENDER=ServerManager,REQUEST=PING to the server...
165  [pool-1-thread-22] INFO  com.alex.asyncexamples.server.TestAsyncCounerServer  - Sending message SENDER=ServerManager,REQUEST=PING to the server...
166  [pool-1-thread-24] INFO  com.alex.asyncexamples.server.TestAsyncCounerServer  - Sending message SENDER=ServerManager,REQUEST=PING to the server...
166  [pool-1-thread-26] INFO  com.alex.asyncexamples.server.TestAsyncCounerServer  - Sending message SENDER=ServerManager,REQUEST=PING to the server...
161  [pool-1-thread-15] INFO  com.alex.asyncexamples.server.TestAsyncCounerServer  - Sending message SENDER=ServerManager,REQUEST=PING to the server...
168  [pool-1-thread-28] INFO  com.alex.asyncexamples.server.TestAsyncCounerServer  - Sending message SENDER=ServerManager,REQUEST=PING to the server...
165  [pool-1-thread-29] INFO  com.alex.asyncexamples.server.TestAsyncCounerServer  - Sending message SENDER=ServerManager,REQUEST=PING to the server...
171  [pool-1-thread-45] INFO  com.alex.asyncexamples.server.TestAsyncCounerServer  - Sending message SENDER=ServerManager,REQUEST=PING to the server...
172  [pool-1-thread-41] INFO  com.alex.asyncexamples.server.TestAsyncCounerServer  - Sending message SENDER=ServerManager,REQUEST=PING to the server...
173  [pool-1-thread-49] INFO  com.alex.asyncexamples.server.TestAsyncCounerServer  - Sending message SENDER=ServerManager,REQUEST=PING to the server...
174  [pool-1-thread-47] INFO  com.alex.asyncexamples.server.TestAsyncCounerServer  - Sending message SENDER=ServerManager,REQUEST=PING to the server...
164  [pool-1-thread-25] INFO  com.alex.asyncexamples.server.TestAsyncCounerServer  - Sending message SENDER=ServerManager,REQUEST=PING to the server...
163  [pool-1-thread-16] INFO  com.alex.asyncexamples.server.TestAsyncCounerServer  - Sending message SENDER=ServerManager,REQUEST=PING to the server...
176  [pool-1-thread-43] INFO  com.alex.asyncexamples.server.TestAsyncCounerServer  - Sending message SENDER=ServerManager,REQUEST=PING to the server...
163  [pool-1-thread-21] INFO  com.alex.asyncexamples.server.TestAsyncCounerServer  - Sending message SENDER=ServerManager,REQUEST=PING to the server...
162  [pool-1-thread-10] INFO  com.alex.asyncexamples.server.TestAsyncCounerServer  - Sending message SENDER=ServerManager,REQUEST=PING to the server...
182  [pool-1-thread-37] INFO  com.alex.asyncexamples.server.TestAsyncCounerServer  - Sending message SENDER=ServerManager,REQUEST=PING to the server...
182  [pool-1-thread-39] INFO  com.alex.asyncexamples.server.TestAsyncCounerServer  - Sending message SENDER=ServerManager,REQUEST=PING to the server...
185  [pool-1-thread-35] INFO  com.alex.asyncexamples.server.TestAsyncCounerServer  - Sending message SENDER=ServerManager,REQUEST=PING to the server...
188  [pool-1-thread-33] INFO  com.alex.asyncexamples.server.TestAsyncCounerServer  - Sending message SENDER=ServerManager,REQUEST=PING to the server...
189  [pool-1-thread-31] INFO  com.alex.asyncexamples.server.TestAsyncCounerServer  - Sending message SENDER=ServerManager,REQUEST=PING to the server...
193  [pool-1-thread-48] INFO  com.alex.asyncexamples.server.TestAsyncCounerServer  - Sending message SENDER=ServerManager,REQUEST=PING to the server...
194  [pool-1-thread-46] INFO  com.alex.asyncexamples.server.TestAsyncCounerServer  - Sending message SENDER=ServerManager,REQUEST=PING to the server...
196  [pool-1-thread-44] INFO  com.alex.asyncexamples.server.TestAsyncCounerServer  - Sending message SENDER=ServerManager,REQUEST=PING to the server...
198  [pool-1-thread-40] INFO  com.alex.asyncexamples.server.TestAsyncCounerServer  - Sending message SENDER=ServerManager,REQUEST=PING to the server...
199  [pool-1-thread-42] INFO  com.alex.asyncexamples.server.TestAsyncCounerServer  - Sending message SENDER=ServerManager,REQUEST=PING to the server...
200  [pool-1-thread-38] INFO  com.alex.asyncexamples.server.TestAsyncCounerServer  - Sending message SENDER=ServerManager,REQUEST=PING to the server...
203  [pool-1-thread-34] INFO  com.alex.asyncexamples.server.TestAsyncCounerServer  - Sending message SENDER=ServerManager,REQUEST=PING to the server...
203  [pool-1-thread-32] INFO  com.alex.asyncexamples.server.TestAsyncCounerServer  - Sending message SENDER=ServerManager,REQUEST=PING to the server...
204  [pool-1-thread-36] INFO  com.alex.asyncexamples.server.TestAsyncCounerServer  - Sending message SENDER=ServerManager,REQUEST=PING to the server...
207  [pool-1-thread-30] INFO  com.alex.asyncexamples.server.TestAsyncCounerServer  - Sending message SENDER=ServerManager,REQUEST=PING to the server...
]]></system-out>
  <system-err><![CDATA[java.lang.RuntimeException: Problem pinging server
	at com.alex.asyncexamples.server.TestAsyncCounerServer.pingServer(Unknown Source)
	at com.alex.asyncexamples.server.TestAsyncCounerServer$1.run(Unknown Source)
	at java.util.concurrent.ThreadPoolExecutor.runWorker(ThreadPoolExecutor.java:1110)
	at java.util.concurrent.ThreadPoolExecutor$Worker.run(ThreadPoolExecutor.java:603)
	at java.lang.Thread.run(Thread.java:722)
Caused by: java.util.concurrent.TimeoutException
	at sun.nio.ch.PendingFuture.get(PendingFuture.java:197)
	... 5 more
java.lang.RuntimeException: Problem pinging server
	at com.alex.asyncexamples.server.TestAsyncCounerServer.pingServer(Unknown Source)
	at com.alex.asyncexamples.server.TestAsyncCounerServer$1.run(Unknown Source)
	at java.util.concurrent.ThreadPoolExecutor.runWorker(ThreadPoolExecutor.java:1110)
	at java.util.concurrent.ThreadPoolExecutor$Worker.run(ThreadPoolExecutor.java:603)
	at java.lang.Thread.run(Thread.java:722)
Caused by: java.util.concurrent.TimeoutException
	at sun.nio.ch.PendingFuture.get(PendingFuture.java:197)
	... 5 more
java.lang.RuntimeException: Problem pinging server
	at com.alex.asyncexamples.server.TestAsyncCounerServer.pingServer(Unknown Source)
	at com.alex.asyncexamples.server.TestAsyncCounerServer$1.run(Unknown Source)
	at java.util.concurrent.ThreadPoolExecutor.runWorker(ThreadPoolExecutor.java:1110)
	at java.util.concurrent.ThreadPoolExecutor$Worker.run(ThreadPoolExecutor.java:603)
	at java.lang.Thread.run(Thread.java:722)
Caused by: java.util.concurrent.TimeoutException
	at sun.nio.ch.PendingFuture.get(PendingFuture.java:197)
	... 5 more
java.lang.RuntimeException: Problem pinging server
	at com.alex.asyncexamples.server.TestAsyncCounerServer.pingServer(Unknown Source)
	at com.alex.asyncexamples.server.TestAsyncCounerServer$1.run(Unknown Source)
	at java.util.concurrent.ThreadPoolExecutor.runWorker(ThreadPoolExecutor.java:1110)
	at java.util.concurrent.ThreadPoolExecutor$Worker.run(ThreadPoolExecutor.java:603)
	at java.lang.Thread.run(Thread.java:722)
Caused by: java.util.concurrent.TimeoutException
	at sun.nio.ch.PendingFuture.get(PendingFuture.java:197)
	... 5 more
java.lang.RuntimeException: Problem pinging server
	at com.alex.asyncexamples.server.TestAsyncCounerServer.pingServer(Unknown Source)
	at com.alex.asyncexamples.server.TestAsyncCounerServer$1.run(Unknown Source)
	at java.util.concurrent.ThreadPoolExecutor.runWorker(ThreadPoolExecutor.java:1110)
	at java.util.concurrent.ThreadPoolExecutor$Worker.run(ThreadPoolExecutor.java:603)
	at java.lang.Thread.run(Thread.java:722)
Caused by: java.util.concurrent.TimeoutException
	at sun.nio.ch.PendingFuture.get(PendingFuture.java:197)
	... 5 more
java.lang.RuntimeException: Problem pinging server
	at com.alex.asyncexamples.server.TestAsyncCounerServer.pingServer(Unknown Source)
	at com.alex.asyncexamples.server.TestAsyncCounerServer$1.run(Unknown Source)
	at java.util.concurrent.ThreadPoolExecutor.runWorker(ThreadPoolExecutor.java:1110)
	at java.util.concurrent.ThreadPoolExecutor$Worker.run(ThreadPoolExecutor.java:603)
	at java.lang.Thread.run(Thread.java:722)
Caused by: java.util.concurrent.TimeoutException
	at sun.nio.ch.PendingFuture.get(PendingFuture.java:197)
	... 5 more
java.lang.RuntimeException: Problem pinging server
	at com.alex.asyncexamples.server.TestAsyncCounerServer.pingServer(Unknown Source)
	at com.alex.asyncexamples.server.TestAsyncCounerServer$1.run(Unknown Source)
	at java.util.concurrent.ThreadPoolExecutor.runWorker(ThreadPoolExecutor.java:1110)
	at java.util.concurrent.ThreadPoolExecutor$Worker.run(ThreadPoolExecutor.java:603)
	at java.lang.Thread.run(Thread.java:722)
Caused by: java.util.concurrent.TimeoutException
	at sun.nio.ch.PendingFuture.get(PendingFuture.java:197)
	... 5 more
java.lang.RuntimeException: Problem pinging server
	at com.alex.asyncexamples.server.TestAsyncCounerServer.pingServer(Unknown Source)
	at com.alex.asyncexamples.server.TestAsyncCounerServer$1.run(Unknown Source)
	at java.util.concurrent.ThreadPoolExecutor.runWorker(ThreadPoolExecutor.java:1110)
	at java.util.concurrent.ThreadPoolExecutor$Worker.run(ThreadPoolExecutor.java:603)
	at java.lang.Thread.run(Thread.java:722)
Caused by: java.util.concurrent.TimeoutException
	at sun.nio.ch.PendingFuture.get(PendingFuture.java:197)
	... 5 more
java.lang.RuntimeException: Problem pinging server
	at com.alex.asyncexamples.server.TestAsyncCounerServer.pingServer(Unknown Source)
	at com.alex.asyncexamples.server.TestAsyncCounerServer$1.run(Unknown Source)
	at java.util.concurrent.ThreadPoolExecutor.runWorker(ThreadPoolExecutor.java:1110)
	at java.util.concurrent.ThreadPoolExecutor$Worker.run(ThreadPoolExecutor.java:603)
	at java.lang.Thread.run(Thread.java:722)
Caused by: java.util.concurrent.TimeoutException
	at sun.nio.ch.PendingFuture.get(PendingFuture.java:197)
	... 5 more
java.lang.RuntimeException: Problem pinging server
	at com.alex.asyncexamples.server.TestAsyncCounerServer.pingServer(Unknown Source)
	at com.alex.asyncexamples.server.TestAsyncCounerServer$1.run(Unknown Source)
	at java.util.concurrent.ThreadPoolExecutor.runWorker(ThreadPoolExecutor.java:1110)
	at java.util.concurrent.ThreadPoolExecutor$Worker.run(ThreadPoolExecutor.java:603)
	at java.lang.Thread.run(Thread.java:722)
Caused by: java.util.concurrent.TimeoutException
	at sun.nio.ch.PendingFuture.get(PendingFuture.java:197)
	... 5 more
java.lang.RuntimeException: Problem pinging server
	at com.alex.asyncexamples.server.TestAsyncCounerServer.pingServer(Unknown Source)
	at com.alex.asyncexamples.server.TestAsyncCounerServer$1.run(Unknown Source)
	at java.util.concurrent.ThreadPoolExecutor.runWorker(ThreadPoolExecutor.java:1110)
	at java.util.concurrent.ThreadPoolExecutor$Worker.run(ThreadPoolExecutor.java:603)
	at java.lang.Thread.run(Thread.java:722)
Caused by: java.util.concurrent.TimeoutException
	at sun.nio.ch.PendingFuture.get(PendingFuture.java:197)
	... 5 more
java.lang.RuntimeException: Problem pinging server
	at com.alex.asyncexamples.server.TestAsyncCounerServer.pingServer(Unknown Source)
	at com.alex.asyncexamples.server.TestAsyncCounerServer$1.run(Unknown Source)
	at java.util.concurrent.ThreadPoolExecutor.runWorker(ThreadPoolExecutor.java:1110)
	at java.util.concurrent.ThreadPoolExecutor$Worker.run(ThreadPoolExecutor.java:603)
	at java.lang.Thread.run(Thread.java:722)
Caused by: java.util.concurrent.TimeoutException
	at sun.nio.ch.PendingFuture.get(PendingFuture.java:197)
	... 5 more
java.lang.RuntimeException: Problem pinging server
	at com.alex.asyncexamples.server.TestAsyncCounerServer.pingServer(Unknown Source)
	at com.alex.asyncexamples.server.TestAsyncCounerServer$1.run(Unknown Source)
	at java.util.concurrent.ThreadPoolExecutor.runWorker(ThreadPoolExecutor.java:1110)
	at java.util.concurrent.ThreadPoolExecutor$Worker.run(ThreadPoolExecutor.java:603)
	at java.lang.Thread.run(Thread.java:722)
Caused by: java.util.concurrent.TimeoutException
	at sun.nio.ch.PendingFuture.get(PendingFuture.java:197)
	... 5 more
java.lang.RuntimeException: Problem pinging server
	at com.alex.asyncexamples.server.TestAsyncCounerServer.pingServer(Unknown Source)
	at com.alex.asyncexamples.server.TestAsyncCounerServer$1.run(Unknown Source)
	at java.util.concurrent.ThreadPoolExecutor.runWorker(ThreadPoolExecutor.java:1110)
	at java.util.concurrent.ThreadPoolExecutor$Worker.run(ThreadPoolExecutor.java:603)
	at java.lang.Thread.run(Thread.java:722)
Caused by: java.util.concurrent.TimeoutException
	at sun.nio.ch.PendingFuture.get(PendingFuture.java:197)
	... 5 more
java.lang.RuntimeException: Problem pinging server
	at com.alex.asyncexamples.server.TestAsyncCounerServer.pingServer(Unknown Source)
	at com.alex.asyncexamples.server.TestAsyncCounerServer$1.run(Unknown Source)
	at java.util.concurrent.ThreadPoolExecutor.runWorker(ThreadPoolExecutor.java:1110)
	at java.util.concurrent.ThreadPoolExecutor$Worker.run(ThreadPoolExecutor.java:603)
	at java.lang.Thread.run(Thread.java:722)
Caused by: java.util.concurrent.TimeoutException
	at sun.nio.ch.PendingFuture.get(PendingFuture.java:197)
	... 5 more
java.lang.RuntimeException: Problem pinging server
	at com.alex.asyncexamples.server.TestAsyncCounerServer.pingServer(Unknown Source)
	at com.alex.asyncexamples.server.TestAsyncCounerServer$1.run(Unknown Source)
	at java.util.concurrent.ThreadPoolExecutor.runWorker(ThreadPoolExecutor.java:1110)
	at java.util.concurrent.ThreadPoolExecutor$Worker.run(ThreadPoolExecutor.java:603)
	at java.lang.Thread.run(Thread.java:722)
Caused by: java.util.concurrent.TimeoutException
	at sun.nio.ch.PendingFuture.get(PendingFuture.java:197)
	... 5 more
java.lang.RuntimeException: Problem pinging server
	at com.alex.asyncexamples.server.TestAsyncCounerServer.pingServer(Unknown Source)
	at com.alex.asyncexamples.server.TestAsyncCounerServer$1.run(Unknown Source)
	at java.util.concurrent.ThreadPoolExecutor.runWorker(ThreadPoolExecutor.java:1110)
	at java.util.concurrent.ThreadPoolExecutor$Worker.run(ThreadPoolExecutor.java:603)
	at java.lang.Thread.run(Thread.java:722)
Caused by: java.util.concurrent.TimeoutException
	at sun.nio.ch.PendingFuture.get(PendingFuture.java:197)
	... 5 more
java.lang.RuntimeException: Problem pinging server
	at com.alex.asyncexamples.server.TestAsyncCounerServer.pingServer(Unknown Source)
	at com.alex.asyncexamples.server.TestAsyncCounerServer$1.run(Unknown Source)
	at java.util.concurrent.ThreadPoolExecutor.runWorker(ThreadPoolExecutor.java:1110)
	at java.util.concurrent.ThreadPoolExecutor$Worker.run(ThreadPoolExecutor.java:603)
	at java.lang.Thread.run(Thread.java:722)
Caused by: java.util.concurrent.TimeoutException
	at sun.nio.ch.PendingFuture.get(PendingFuture.java:197)
	... 5 more
java.lang.RuntimeException: Problem pinging server
	at com.alex.asyncexamples.server.TestAsyncCounerServer.pingServer(Unknown Source)
	at com.alex.asyncexamples.server.TestAsyncCounerServer$1.run(Unknown Source)
	at java.util.concurrent.ThreadPoolExecutor.runWorker(ThreadPoolExecutor.java:1110)
	at java.util.concurrent.ThreadPoolExecutor$Worker.run(ThreadPoolExecutor.java:603)
	at java.lang.Thread.run(Thread.java:722)
Caused by: java.util.concurrent.TimeoutException
	at sun.nio.ch.PendingFuture.get(PendingFuture.java:197)
	... 5 more
java.lang.RuntimeException: Problem pinging server
	at com.alex.asyncexamples.server.TestAsyncCounerServer.pingServer(Unknown Source)
	at com.alex.asyncexamples.server.TestAsyncCounerServer$1.run(Unknown Source)
	at java.util.concurrent.ThreadPoolExecutor.runWorker(ThreadPoolExecutor.java:1110)
	at java.util.concurrent.ThreadPoolExecutor$Worker.run(ThreadPoolExecutor.java:603)
	at java.lang.Thread.run(Thread.java:722)
Caused by: java.util.concurrent.TimeoutException
	at sun.nio.ch.PendingFuture.get(PendingFuture.java:197)
	... 5 more
java.lang.RuntimeException: Problem pinging server
	at com.alex.asyncexamples.server.TestAsyncCounerServer.pingServer(Unknown Source)
	at com.alex.asyncexamples.server.TestAsyncCounerServer$1.run(Unknown Source)
	at java.util.concurrent.ThreadPoolExecutor.runWorker(ThreadPoolExecutor.java:1110)
	at java.util.concurrent.ThreadPoolExecutor$Worker.run(ThreadPoolExecutor.java:603)
	at java.lang.Thread.run(Thread.java:722)
Caused by: java.util.concurrent.TimeoutException
	at sun.nio.ch.PendingFuture.get(PendingFuture.java:197)
	... 5 more
java.lang.RuntimeException: Problem pinging server
	at com.alex.asyncexamples.server.TestAsyncCounerServer.pingServer(Unknown Source)
	at com.alex.asyncexamples.server.TestAsyncCounerServer$1.run(Unknown Source)
	at java.util.concurrent.ThreadPoolExecutor.runWorker(ThreadPoolExecutor.java:1110)
	at java.util.concurrent.ThreadPoolExecutor$Worker.run(ThreadPoolExecutor.java:603)
	at java.lang.Thread.run(Thread.java:722)
Caused by: java.util.concurrent.TimeoutException
	at sun.nio.ch.PendingFuture.get(PendingFuture.java:197)
	... 5 more
java.lang.RuntimeException: Problem pinging server
	at com.alex.asyncexamples.server.TestAsyncCounerServer.pingServer(Unknown Source)
	at com.alex.asyncexamples.server.TestAsyncCounerServer$1.run(Unknown Source)
	at java.util.concurrent.ThreadPoolExecutor.runWorker(ThreadPoolExecutor.java:1110)
	at java.util.concurrent.ThreadPoolExecutor$Worker.run(ThreadPoolExecutor.java:603)
	at java.lang.Thread.run(Thread.java:722)
Caused by: java.util.concurrent.TimeoutException
	at sun.nio.ch.PendingFuture.get(PendingFuture.java:197)
	... 5 more
java.lang.RuntimeException: Problem pinging server
	at com.alex.asyncexamples.server.TestAsyncCounerServer.pingServer(Unknown Source)
	at com.alex.asyncexamples.server.TestAsyncCounerServer$1.run(Unknown Source)
	at java.util.concurrent.ThreadPoolExecutor.runWorker(ThreadPoolExecutor.java:1110)
	at java.util.concurrent.ThreadPoolExecutor$Worker.run(ThreadPoolExecutor.java:603)
	at java.lang.Thread.run(Thread.java:722)
Caused by: java.util.concurrent.TimeoutException
	at sun.nio.ch.PendingFuture.get(PendingFuture.java:197)
	... 5 more
java.lang.RuntimeException: Problem pinging server
	at com.alex.asyncexamples.server.TestAsyncCounerServer.pingServer(Unknown Source)
	at com.alex.asyncexamples.server.TestAsyncCounerServer$1.run(Unknown Source)
	at java.util.concurrent.ThreadPoolExecutor.runWorker(ThreadPoolExecutor.java:1110)
	at java.util.concurrent.ThreadPoolExecutor$Worker.run(ThreadPoolExecutor.java:603)
	at java.lang.Thread.run(Thread.java:722)
Caused by: java.util.concurrent.TimeoutException
	at sun.nio.ch.PendingFuture.get(PendingFuture.java:197)
	... 5 more
java.lang.RuntimeException: Problem pinging server
	at com.alex.asyncexamples.server.TestAsyncCounerServer.pingServer(Unknown Source)
	at com.alex.asyncexamples.server.TestAsyncCounerServer$1.run(Unknown Source)
	at java.util.concurrent.ThreadPoolExecutor.runWorker(ThreadPoolExecutor.java:1110)
	at java.util.concurrent.ThreadPoolExecutor$Worker.run(ThreadPoolExecutor.java:603)
	at java.lang.Thread.run(Thread.java:722)
Caused by: java.util.concurrent.TimeoutException
	at sun.nio.ch.PendingFuture.get(PendingFuture.java:197)
	... 5 more
java.lang.RuntimeException: Problem pinging server
	at com.alex.asyncexamples.server.TestAsyncCounerServer.pingServer(Unknown Source)
	at com.alex.asyncexamples.server.TestAsyncCounerServer$1.run(Unknown Source)
	at java.util.concurrent.ThreadPoolExecutor.runWorker(ThreadPoolExecutor.java:1110)
	at java.util.concurrent.ThreadPoolExecutor$Worker.run(ThreadPoolExecutor.java:603)
	at java.lang.Thread.run(Thread.java:722)
Caused by: java.util.concurrent.TimeoutException
	at sun.nio.ch.PendingFuture.get(PendingFuture.java:197)
	... 5 more
java.lang.RuntimeException: Problem pinging server
	at com.alex.asyncexamples.server.TestAsyncCounerServer.pingServer(Unknown Source)
	at com.alex.asyncexamples.server.TestAsyncCounerServer$1.run(Unknown Source)
	at java.util.concurrent.ThreadPoolExecutor.runWorker(ThreadPoolExecutor.java:1110)
	at java.util.concurrent.ThreadPoolExecutor$Worker.run(ThreadPoolExecutor.java:603)
	at java.lang.Thread.run(Thread.java:722)
Caused by: java.util.concurrent.TimeoutException
	at sun.nio.ch.PendingFuture.get(PendingFuture.java:197)
	... 5 more
java.lang.RuntimeException: Problem pinging server
	at com.alex.asyncexamples.server.TestAsyncCounerServer.pingServer(Unknown Source)
	at com.alex.asyncexamples.server.TestAsyncCounerServer$1.run(Unknown Source)
	at java.util.concurrent.ThreadPoolExecutor.runWorker(ThreadPoolExecutor.java:1110)
	at java.util.concurrent.ThreadPoolExecutor$Worker.run(ThreadPoolExecutor.java:603)
	at java.lang.Thread.run(Thread.java:722)
Caused by: java.util.concurrent.TimeoutException
	at sun.nio.ch.PendingFuture.get(PendingFuture.java:197)
	... 5 more
java.lang.RuntimeException: Problem pinging server
	at com.alex.asyncexamples.server.TestAsyncCounerServer.pingServer(Unknown Source)
	at com.alex.asyncexamples.server.TestAsyncCounerServer$1.run(Unknown Source)
	at java.util.concurrent.ThreadPoolExecutor.runWorker(ThreadPoolExecutor.java:1110)
	at java.util.concurrent.ThreadPoolExecutor$Worker.run(ThreadPoolExecutor.java:603)
	at java.lang.Thread.run(Thread.java:722)
Caused by: java.util.concurrent.TimeoutException
	at sun.nio.ch.PendingFuture.get(PendingFuture.java:197)
	... 5 more
java.lang.RuntimeException: Problem pinging server
	at com.alex.asyncexamples.server.TestAsyncCounerServer.pingServer(Unknown Source)
	at com.alex.asyncexamples.server.TestAsyncCounerServer$1.run(Unknown Source)
	at java.util.concurrent.ThreadPoolExecutor.runWorker(ThreadPoolExecutor.java:1110)
	at java.util.concurrent.ThreadPoolExecutor$Worker.run(ThreadPoolExecutor.java:603)
	at java.lang.Thread.run(Thread.java:722)
Caused by: java.util.concurrent.TimeoutException
	at sun.nio.ch.PendingFuture.get(PendingFuture.java:197)
	... 5 more
java.lang.RuntimeException: Problem pinging server
	at com.alex.asyncexamples.server.TestAsyncCounerServer.pingServer(Unknown Source)
	at com.alex.asyncexamples.server.TestAsyncCounerServer$1.run(Unknown Source)
	at java.util.concurrent.ThreadPoolExecutor.runWorker(ThreadPoolExecutor.java:1110)
	at java.util.concurrent.ThreadPoolExecutor$Worker.run(ThreadPoolExecutor.java:603)
	at java.lang.Thread.run(Thread.java:722)
Caused by: java.util.concurrent.TimeoutException
	at sun.nio.ch.PendingFuture.get(PendingFuture.java:197)
	... 5 more
java.lang.RuntimeException: Problem pinging server
	at com.alex.asyncexamples.server.TestAsyncCounerServer.pingServer(Unknown Source)
	at com.alex.asyncexamples.server.TestAsyncCounerServer$1.run(Unknown Source)
	at java.util.concurrent.ThreadPoolExecutor.runWorker(ThreadPoolExecutor.java:1110)
	at java.util.concurrent.ThreadPoolExecutor$Worker.run(ThreadPoolExecutor.java:603)
	at java.lang.Thread.run(Thread.java:722)
Caused by: java.util.concurrent.TimeoutException
	at sun.nio.ch.PendingFuture.get(PendingFuture.java:197)
	... 5 more
java.lang.RuntimeException: Problem pinging server
	at com.alex.asyncexamples.server.TestAsyncCounerServer.pingServer(Unknown Source)
	at com.alex.asyncexamples.server.TestAsyncCounerServer$1.run(Unknown Source)
	at java.util.concurrent.ThreadPoolExecutor.runWorker(ThreadPoolExecutor.java:1110)
	at java.util.concurrent.ThreadPoolExecutor$Worker.run(ThreadPoolExecutor.java:603)
	at java.lang.Thread.run(Thread.java:722)
Caused by: java.util.concurrent.TimeoutException
	at sun.nio.ch.PendingFuture.get(PendingFuture.java:197)
	... 5 more
java.lang.RuntimeException: Problem pinging server
	at com.alex.asyncexamples.server.TestAsyncCounerServer.pingServer(Unknown Source)
	at com.alex.asyncexamples.server.TestAsyncCounerServer$1.run(Unknown Source)
	at java.util.concurrent.ThreadPoolExecutor.runWorker(ThreadPoolExecutor.java:1110)
	at java.util.concurrent.ThreadPoolExecutor$Worker.run(ThreadPoolExecutor.java:603)
	at java.lang.Thread.run(Thread.java:722)
Caused by: java.util.concurrent.TimeoutException
	at sun.nio.ch.PendingFuture.get(PendingFuture.java:197)
	... 5 more
java.lang.RuntimeException: Problem pinging server
	at com.alex.asyncexamples.server.TestAsyncCounerServer.pingServer(Unknown Source)
	at com.alex.asyncexamples.server.TestAsyncCounerServer$1.run(Unknown Source)
	at java.util.concurrent.ThreadPoolExecutor.runWorker(ThreadPoolExecutor.java:1110)
	at java.util.concurrent.ThreadPoolExecutor$Worker.run(ThreadPoolExecutor.java:603)
	at java.lang.Thread.run(Thread.java:722)
Caused by: java.util.concurrent.TimeoutException
	at sun.nio.ch.PendingFuture.get(PendingFuture.java:197)
	... 5 more
java.lang.RuntimeException: Problem pinging server
	at com.alex.asyncexamples.server.TestAsyncCounerServer.pingServer(Unknown Source)
	at com.alex.asyncexamples.server.TestAsyncCounerServer$1.run(Unknown Source)
	at java.util.concurrent.ThreadPoolExecutor.runWorker(ThreadPoolExecutor.java:1110)
	at java.util.concurrent.ThreadPoolExecutor$Worker.run(ThreadPoolExecutor.java:603)
	at java.lang.Thread.run(Thread.java:722)
Caused by: java.util.concurrent.TimeoutException
	at sun.nio.ch.PendingFuture.get(PendingFuture.java:197)
	... 5 more
java.lang.RuntimeException: Problem pinging server
	at com.alex.asyncexamples.server.TestAsyncCounerServer.pingServer(Unknown Source)
	at com.alex.asyncexamples.server.TestAsyncCounerServer$1.run(Unknown Source)
	at java.util.concurrent.ThreadPoolExecutor.runWorker(ThreadPoolExecutor.java:1110)
	at java.util.concurrent.ThreadPoolExecutor$Worker.run(ThreadPoolExecutor.java:603)
	at java.lang.Thread.run(Thread.java:722)
Caused by: java.util.concurrent.TimeoutException
	at sun.nio.ch.PendingFuture.get(PendingFuture.java:197)
	... 5 more
java.lang.RuntimeException: Problem pinging server
	at com.alex.asyncexamples.server.TestAsyncCounerServer.pingServer(Unknown Source)
	at com.alex.asyncexamples.server.TestAsyncCounerServer$1.run(Unknown Source)
	at java.util.concurrent.ThreadPoolExecutor.runWorker(ThreadPoolExecutor.java:1110)
	at java.util.concurrent.ThreadPoolExecutor$Worker.run(ThreadPoolExecutor.java:603)
	at java.lang.Thread.run(Thread.java:722)
Caused by: java.util.concurrent.TimeoutException
	at sun.nio.ch.PendingFuture.get(PendingFuture.java:197)
	... 5 more
java.lang.RuntimeException: Problem pinging server
	at com.alex.asyncexamples.server.TestAsyncCounerServer.pingServer(Unknown Source)
	at com.alex.asyncexamples.server.TestAsyncCounerServer$1.run(Unknown Source)
	at java.util.concurrent.ThreadPoolExecutor.runWorker(ThreadPoolExecutor.java:1110)
	at java.util.concurrent.ThreadPoolExecutor$Worker.run(ThreadPoolExecutor.java:603)
	at java.lang.Thread.run(Thread.java:722)
Caused by: java.util.concurrent.TimeoutException
	at sun.nio.ch.PendingFuture.get(PendingFuture.java:197)
	... 5 more
java.lang.RuntimeException: Problem pinging server
	at com.alex.asyncexamples.server.TestAsyncCounerServer.pingServer(Unknown Source)
	at com.alex.asyncexamples.server.TestAsyncCounerServer$1.run(Unknown Source)
	at java.util.concurrent.ThreadPoolExecutor.runWorker(ThreadPoolExecutor.java:1110)
	at java.util.concurrent.ThreadPoolExecutor$Worker.run(ThreadPoolExecutor.java:603)
	at java.lang.Thread.run(Thread.java:722)
Caused by: java.util.concurrent.TimeoutException
	at sun.nio.ch.PendingFuture.get(PendingFuture.java:197)
	... 5 more
java.lang.RuntimeException: Problem pinging server
	at com.alex.asyncexamples.server.TestAsyncCounerServer.pingServer(Unknown Source)
	at com.alex.asyncexamples.server.TestAsyncCounerServer$1.run(Unknown Source)
	at java.util.concurrent.ThreadPoolExecutor.runWorker(ThreadPoolExecutor.java:1110)
	at java.util.concurrent.ThreadPoolExecutor$Worker.run(ThreadPoolExecutor.java:603)
	at java.lang.Thread.run(Thread.java:722)
Caused by: java.util.concurrent.TimeoutException
	at sun.nio.ch.PendingFuture.get(PendingFuture.java:197)
	... 5 more
java.lang.RuntimeException: Problem pinging server
	at com.alex.asyncexamples.server.TestAsyncCounerServer.pingServer(Unknown Source)
	at com.alex.asyncexamples.server.TestAsyncCounerServer$1.run(Unknown Source)
	at java.util.concurrent.ThreadPoolExecutor.runWorker(ThreadPoolExecutor.java:1110)
	at java.util.concurrent.ThreadPoolExecutor$Worker.run(ThreadPoolExecutor.java:603)
	at java.lang.Thread.run(Thread.java:722)
Caused by: java.util.concurrent.TimeoutException
	at sun.nio.ch.PendingFuture.get(PendingFuture.java:197)
	... 5 more
java.lang.RuntimeException: Problem pinging server
	at com.alex.asyncexamples.server.TestAsyncCounerServer.pingServer(Unknown Source)
	at com.alex.asyncexamples.server.TestAsyncCounerServer$1.run(Unknown Source)
	at java.util.concurrent.ThreadPoolExecutor.runWorker(ThreadPoolExecutor.java:1110)
	at java.util.concurrent.ThreadPoolExecutor$Worker.run(ThreadPoolExecutor.java:603)
	at java.lang.Thread.run(Thread.java:722)
Caused by: java.util.concurrent.TimeoutException
	at sun.nio.ch.PendingFuture.get(PendingFuture.java:197)
	... 5 more
java.lang.RuntimeException: Problem pinging server
	at com.alex.asyncexamples.server.TestAsyncCounerServer.pingServer(Unknown Source)
	at com.alex.asyncexamples.server.TestAsyncCounerServer$1.run(Unknown Source)
	at java.util.concurrent.ThreadPoolExecutor.runWorker(ThreadPoolExecutor.java:1110)
	at java.util.concurrent.ThreadPoolExecutor$Worker.run(ThreadPoolExecutor.java:603)
	at java.lang.Thread.run(Thread.java:722)
Caused by: java.util.concurrent.TimeoutException
	at sun.nio.ch.PendingFuture.get(PendingFuture.java:197)
	... 5 more
java.lang.RuntimeException: Problem pinging server
	at com.alex.asyncexamples.server.TestAsyncCounerServer.pingServer(Unknown Source)
	at com.alex.asyncexamples.server.TestAsyncCounerServer$1.run(Unknown Source)
	at java.util.concurrent.ThreadPoolExecutor.runWorker(ThreadPoolExecutor.java:1110)
	at java.util.concurrent.ThreadPoolExecutor$Worker.run(ThreadPoolExecutor.java:603)
	at java.lang.Thread.run(Thread.java:722)
Caused by: java.util.concurrent.TimeoutException
	at sun.nio.ch.PendingFuture.get(PendingFuture.java:197)
	... 5 more
java.lang.RuntimeException: Problem pinging server
	at com.alex.asyncexamples.server.TestAsyncCounerServer.pingServer(Unknown Source)
	at com.alex.asyncexamples.server.TestAsyncCounerServer$1.run(Unknown Source)
	at java.util.concurrent.ThreadPoolExecutor.runWorker(ThreadPoolExecutor.java:1110)
	at java.util.concurrent.ThreadPoolExecutor$Worker.run(ThreadPoolExecutor.java:603)
	at java.lang.Thread.run(Thread.java:722)
Caused by: java.util.concurrent.TimeoutException
	at sun.nio.ch.PendingFuture.get(PendingFuture.java:197)
	... 5 more
java.lang.RuntimeException: Problem pinging server
	at com.alex.asyncexamples.server.TestAsyncCounerServer.pingServer(Unknown Source)
	at com.alex.asyncexamples.server.TestAsyncCounerServer$1.run(Unknown Source)
	at java.util.concurrent.ThreadPoolExecutor.runWorker(ThreadPoolExecutor.java:1110)
	at java.util.concurrent.ThreadPoolExecutor$Worker.run(ThreadPoolExecutor.java:603)
	at java.lang.Thread.run(Thread.java:722)
Caused by: java.util.concurrent.TimeoutException
	at sun.nio.ch.PendingFuture.get(PendingFuture.java:197)
	... 5 more
java.lang.RuntimeException: Problem pinging server
	at com.alex.asyncexamples.server.TestAsyncCounerServer.pingServer(Unknown Source)
	at com.alex.asyncexamples.server.TestAsyncCounerServer$1.run(Unknown Source)
	at java.util.concurrent.ThreadPoolExecutor.runWorker(ThreadPoolExecutor.java:1110)
	at java.util.concurrent.ThreadPoolExecutor$Worker.run(ThreadPoolExecutor.java:603)
	at java.lang.Thread.run(Thread.java:722)
Caused by: java.util.concurrent.TimeoutException
	at sun.nio.ch.PendingFuture.get(PendingFuture.java:197)
	... 5 more
]]></system-err>
</testsuite>
